<?xml version="1.0" encoding="UTF-8"?>
<!-- Generated by org.testng.reporters.JUnitReportReporter -->
<testsuite hostname="DESKTOP-KHFPL78" failures="0" tests="1" name="com.ecommerce.testRunners.CucumberTestRunner" time="0.676" errors="1" timestamp="2025-03-17T11:18:26 PDT" skipped="0">
  <testcase classname="com.ecommerce.testRunners.CucumberTestRunner" name="setUpClass" time="0.676">
    <error message="Failed to parse resource at: file:///C:/Users/Administrator/eclipse-workspace/CSP4/./src/test/resources/features/checkout.feature
(2:3): expected: #TagLine, #FeatureLine, #Comment, #Empty, got &#039;Scenario: Place Order: Login before Checkout&#039;
(3:5): expected: #TagLine, #FeatureLine, #Comment, #Empty, got &#039;Given Launch the browser and Navigate to url &quot;http://automationexercise.com&quot; for checkout&#039;
(4:5): expected: #TagLine, #FeatureLine, #Comment, #Empty, got &#039;Then Verify that home page is visible successfully for login&#039;
(5:5): expected: #TagLine, #FeatureLine, #Comment, #Empty, got &#039;Then Verify that home page is visible successfully for login&#039;
(6:5): expected: #TagLine, #FeatureLine, #Comment, #Empty, got &#039;And Click on Signup Login button for login&#039;
(7:5): expected: #TagLine, #FeatureLine, #Comment, #Empty, got &#039;And Enter correct email address and password&#039;
(8:5): expected: #TagLine, #FeatureLine, #Comment, #Empty, got &#039;And Click login button&#039;
(9:5): expected: #TagLine, #FeatureLine, #Comment, #Empty, got &#039;Then Verify that Logged in as username is visible&#039;
(12:0): unexpected end of file, expected: #TagLine, #FeatureLine, #Comment, #Empty" type="io.cucumber.core.gherkin.FeatureParserException">
      <![CDATA[io.cucumber.core.gherkin.FeatureParserException: Failed to parse resource at: file:///C:/Users/Administrator/eclipse-workspace/CSP4/./src/test/resources/features/checkout.feature
(2:3): expected: #TagLine, #FeatureLine, #Comment, #Empty, got 'Scenario: Place Order: Login before Checkout'
(3:5): expected: #TagLine, #FeatureLine, #Comment, #Empty, got 'Given Launch the browser and Navigate to url "http://automationexercise.com" for checkout'
(4:5): expected: #TagLine, #FeatureLine, #Comment, #Empty, got 'Then Verify that home page is visible successfully for login'
(5:5): expected: #TagLine, #FeatureLine, #Comment, #Empty, got 'Then Verify that home page is visible successfully for login'
(6:5): expected: #TagLine, #FeatureLine, #Comment, #Empty, got 'And Click on Signup Login button for login'
(7:5): expected: #TagLine, #FeatureLine, #Comment, #Empty, got 'And Enter correct email address and password'
(8:5): expected: #TagLine, #FeatureLine, #Comment, #Empty, got 'And Click login button'
(9:5): expected: #TagLine, #FeatureLine, #Comment, #Empty, got 'Then Verify that Logged in as username is visible'
(12:0): unexpected end of file, expected: #TagLine, #FeatureLine, #Comment, #Empty
at io.cucumber.core.gherkin.messages.GherkinMessagesFeatureParser.parse(GherkinMessagesFeatureParser.java:56)
at io.cucumber.core.feature.FeatureParser.parseResource(FeatureParser.java:46)
at java.base/java.util.function.BiFunction.lambda$andThen$0(BiFunction.java:70)
at io.cucumber.core.resource.ResourceScanner.lambda$processResource$1(ResourceScanner.java:79)
at io.cucumber.core.resource.PathScanner$ResourceFileVisitor.visitFile(PathScanner.java:75)
at io.cucumber.core.resource.PathScanner$ResourceFileVisitor.visitFile(PathScanner.java:60)
at java.base/java.nio.file.Files.walkFileTree(Files.java:2810)
at io.cucumber.core.resource.PathScanner.findResourcesForPath(PathScanner.java:53)
at io.cucumber.core.resource.PathScanner.findResourcesForUri(PathScanner.java:31)
at io.cucumber.core.resource.ResourceScanner.findResourcesForUri(ResourceScanner.java:61)
at io.cucumber.core.resource.ResourceScanner.scanForResourcesUri(ResourceScanner.java:134)
at io.cucumber.core.runtime.FeaturePathFeatureSupplier.loadFeatures(FeaturePathFeatureSupplier.java:62)
at io.cucumber.core.runtime.FeaturePathFeatureSupplier.get(FeaturePathFeatureSupplier.java:45)
at io.cucumber.testng.TestNGCucumberRunner.<init>(TestNGCucumberRunner.java:125)
at io.cucumber.testng.AbstractTestNGCucumberTests.setUpClass(AbstractTestNGCucumberTests.java:27)
at java.base/jdk.internal.reflect.DirectMethodHandleAccessor.invoke(DirectMethodHandleAccessor.java:103)
at java.base/java.lang.reflect.Method.invoke(Method.java:580)
at org.testng.internal.invokers.MethodInvocationHelper.invokeMethod(MethodInvocationHelper.java:139)
at org.testng.internal.invokers.MethodInvocationHelper.invokeMethodConsideringTimeout(MethodInvocationHelper.java:69)
at org.testng.internal.invokers.ConfigInvoker.invokeConfigurationMethod(ConfigInvoker.java:393)
at org.testng.internal.invokers.ConfigInvoker.invokeConfigurations(ConfigInvoker.java:326)
at org.testng.internal.invokers.TestMethodWorker.invokeBeforeClassMethods(TestMethodWorker.java:180)
at org.testng.internal.invokers.TestMethodWorker.run(TestMethodWorker.java:122)
at java.base/java.util.ArrayList.forEach(ArrayList.java:1597)
at org.testng.TestRunner.privateRun(TestRunner.java:819)
at org.testng.TestRunner.run(TestRunner.java:619)
at org.testng.SuiteRunner.runTest(SuiteRunner.java:443)
at org.testng.SuiteRunner.runSequentially(SuiteRunner.java:437)
at org.testng.SuiteRunner.privateRun(SuiteRunner.java:397)
at org.testng.SuiteRunner.run(SuiteRunner.java:336)
at org.testng.SuiteRunnerWorker.runSuite(SuiteRunnerWorker.java:52)
at org.testng.SuiteRunnerWorker.run(SuiteRunnerWorker.java:95)
at org.testng.TestNG.runSuitesSequentially(TestNG.java:1301)
at org.testng.TestNG.runSuitesLocally(TestNG.java:1228)
at org.testng.TestNG.runSuites(TestNG.java:1134)
at org.testng.TestNG.run(TestNG.java:1101)
at org.testng.remote.AbstractRemoteTestNG.run(AbstractRemoteTestNG.java:115)
at org.testng.remote.RemoteTestNG.initAndRun(RemoteTestNG.java:251)
at org.testng.remote.RemoteTestNG.main(RemoteTestNG.java:77)
]]>
    </error>
  </testcase> <!-- setUpClass -->
</testsuite> <!-- com.ecommerce.testRunners.CucumberTestRunner -->
